<?xml version="1.0" encoding="UTF-8"?>
<!-- Generated by org.testng.reporters.JUnitXMLReporter -->
<testsuite ignored="0" hostname="Amit" failures="0" tests="6" name="Test" time="32.708" errors="0" timestamp="2023-11-26T21:09:04 IST">
  <testcase classname="testcases.RegisterTestCases" name="verifyRegistrationWithBlankData" time="4.086"/>
  <testcase classname="testcases.RegisterTestCases" name="verifyRegistrationWithExistingData" time="1.142"/>
  <testcase classname="testcases.RegisterTestCases" name="verifyRegistrationWithInValidData" time="0.629"/>
  <testcase classname="testcases.RegisterTestCases" name="verifyRegistrationWithValidData" time="1.733"/>
  <testcase classname="testcases.LoginTestCases" name="verifyLoginWithInvalidData" time="10.004"/>
  <testcase classname="testcases.LoginTestCases" name="verifyLoginWithValidData" time="2.074"/>
</testsuite> <!-- Test -->
